使用 HTTP RPC: https://bsc-dataseed.bnbchain.org:443
starting: 
started: wallet 0x3FEA7CfF8d3dc87FD8B5b5EeF3C4A9ab9F844091 - gasPrice 50000000 - contract owner: 0x3FEA7CfF8d3dc87FD8B5b5EeF3C4A9ab9F844091
✓ 使用默认价格
✓ 价格已更新:
[bsc-dataseed.bnbchain.org] 使用 HTTP RPC 轮询模式
[67244088] [11/6/2025, 9:00:35 PM]: [bsc-dataseed.bnbchain.org] [USDT/BNB pancakeswap>sushiswap] Arbitrage checked! Expected profit: -8.436 $-5061.50 - -42.18%
[67244088] [11/6/2025, 9:00:36 PM]: [bsc-dataseed.bnbchain.org] [USDT/BNB sushiswap>pancakeswap] Arbitrage checked! Expected profit: -8.413 $-5047.99 - -42.07%
初始化交易发送器...
✓ 交易发送器已初始化
[67244091] [11/6/2025, 9:00:38 PM]: [bsc-dataseed.bnbchain.org] [USDT/BNB pancakeswap>sushiswap] Arbitrage checked! Expected profit: -8.436 $-5061.50 - -42.18%
[67244091] [11/6/2025, 9:00:38 PM]: [bsc-dataseed.bnbchain.org] [USDT/BNB sushiswap>pancakeswap] Arbitrage checked! Expected profit: -8.413 $-5047.99 - -42.07%
[67244095] [11/6/2025, 9:00:41 PM]: [bsc-dataseed.bnbchain.org] [USDT/BNB sushiswap>pancakeswap] Arbitrage checked! Expected profit: -8.413 $-5047.91 - -42.07%
[67244095] [11/6/2025, 9:00:41 PM]: [bsc-dataseed.bnbchain.org] [USDT/BNB pancakeswap>sushiswap] Arbitrage checked! Expected profit: -8.436 $-5061.55 - -42.18%
[67244099] [11/6/2025, 9:00:44 PM]: [bsc-dataseed.bnbchain.org] [USDT/BNB pancakeswap>sushiswap] Arbitrage checked! Expected profit: -8.435 $-5061.28 - -42.18%
[67244099] [11/6/2025, 9:00:44 PM]: [bsc-dataseed.bnbchain.org] [USDT/BNB sushiswap>pancakeswap] Arbitrage checked! Expected profit: -8.414 $-5048.37 - -42.07%
[67244103] [11/6/2025, 9:00:47 PM]: [bsc-dataseed.bnbchain.org] [USDT/BNB pancakeswap>sushiswap] Arbitrage checked! Expected profit: -8.435 $-5061.28 - -42.18%
[67244103] [11/6/2025, 9:00:47 PM]: [bsc-dataseed.bnbchain.org] [USDT/BNB sushiswap>pancakeswap] Arbitrage checked! Expected profit: -8.414 $-5048.37 - -42.07%
[67244107] [11/6/2025, 9:00:50 PM]: [bsc-dataseed.bnbchain.org] [USDT/BNB sushiswap>pancakeswap] Arbitrage checked! Expected profit: -8.414 $-5048.49 - -42.07%
[67244107] [11/6/2025, 9:00:50 PM]: [bsc-dataseed.bnbchain.org] [USDT/BNB pancakeswap>sushiswap] Arbitrage checked! Expected profit: -8.435 $-5061.21 - -42.18%
[67244111] [11/6/2025, 9:00:53 PM]: [bsc-dataseed.bnbchain.org] [USDT/BNB sushiswap>pancakeswap] Arbitrage checked! Expected profit: -8.414 $-5048.49 - -42.07%
[67244111] [11/6/2025, 9:00:53 PM]: [bsc-dataseed.bnbchain.org] [USDT/BNB pancakeswap>sushiswap] Arbitrage checked! Expected profit: -8.435 $-5061.21 - -42.18%
[67244115] [11/6/2025, 9:00:56 PM]: [bsc-dataseed.bnbchain.org] [USDT/BNB sushiswap>pancakeswap] Arbitrage checked! Expected profit: -8.413 $-5047.79 - -42.06%
[67244115] [11/6/2025, 9:00:56 PM]: [bsc-dataseed.bnbchain.org] [USDT/BNB pancakeswap>sushiswap] Arbitrage checked! Expected profit: -8.436 $-5061.62 - -42.18%
[67244119] [11/6/2025, 9:00:59 PM]: [bsc-dataseed.bnbchain.org] [USDT/BNB sushiswap>pancakeswap] Arbitrage checked! Expected profit: -8.413 $-5047.79 - -42.06%
[67244119] [11/6/2025, 9:00:59 PM]: [bsc-dataseed.bnbchain.org] [USDT/BNB pancakeswap>sushiswap] Arbitrage checked! Expected profit: -8.436 $-5061.62 - -42.18%
[67244123] [11/6/2025, 9:01:02 PM]: [bsc-dataseed.bnbchain.org] [USDT/BNB sushiswap>pancakeswap] Arbitrage checked! Expected profit: -8.413 $-5048.02 - -42.07%
[67244123] [11/6/2025, 9:01:02 PM]: [bsc-dataseed.bnbchain.org] [USDT/BNB pancakeswap>sushiswap] Arbitrage checked! Expected profit: -8.436 $-5061.49 - -42.18%
[67244127] [11/6/2025, 9:01:06 PM]: [bsc-dataseed.bnbchain.org] [USDT/BNB sushiswap>pancakeswap] Arbitrage checked! Expected profit: -8.413 $-5048.02 - -42.07%
[67244127] [11/6/2025, 9:01:06 PM]: [bsc-dataseed.bnbchain.org] [USDT/BNB pancakeswap>sushiswap] Arbitrage checked! Expected profit: -8.436 $-5061.49 - -42.18%
[67244131] [11/6/2025, 9:01:08 PM]: [bsc-dataseed.bnbchain.org] [USDT/BNB sushiswap>pancakeswap] Arbitrage checked! Expected profit: -8.413 $-5048.02 - -42.07%
[67244131] [11/6/2025, 9:01:08 PM]: [bsc-dataseed.bnbchain.org] [USDT/BNB pancakeswap>sushiswap] Arbitrage checked! Expected profit: -8.436 $-5061.49 - -42.18%
[67244135] [11/6/2025, 9:01:11 PM]: [bsc-dataseed.bnbchain.org] [USDT/BNB sushiswap>pancakeswap] Arbitrage checked! Expected profit: -8.413 $-5047.91 - -42.07%
[67244135] [11/6/2025, 9:01:11 PM]: [bsc-dataseed.bnbchain.org] [USDT/BNB pancakeswap>sushiswap] Arbitrage checked! Expected profit: -8.436 $-5061.55 - -42.18%
[67244139] [11/6/2025, 9:01:14 PM]: [bsc-dataseed.bnbchain.org] [USDT/BNB sushiswap>pancakeswap] Arbitrage checked! Expected profit: -8.413 $-5047.91 - -42.07%
[67244139] [11/6/2025, 9:01:14 PM]: [bsc-dataseed.bnbchain.org] [USDT/BNB pancakeswap>sushiswap] Arbitrage checked! Expected profit: -8.436 $-5061.55 - -42.18%
[67244143] [11/6/2025, 9:01:18 PM]: [bsc-dataseed.bnbchain.org] [USDT/BNB sushiswap>pancakeswap] Arbitrage checked! Expected profit: -8.413 $-5047.77 - -42.06%
[67244143] [11/6/2025, 9:01:18 PM]: [bsc-dataseed.bnbchain.org] [USDT/BNB pancakeswap>sushiswap] Arbitrage checked! Expected profit: -8.436 $-5061.63 - -42.18%
[67244147] [11/6/2025, 9:01:20 PM]: [bsc-dataseed.bnbchain.org] [USDT/BNB pancakeswap>sushiswap] Arbitrage checked! Expected profit: -8.436 $-5061.63 - -42.18%
[67244147] [11/6/2025, 9:01:20 PM]: [bsc-dataseed.bnbchain.org] [USDT/BNB sushiswap>pancakeswap] Arbitrage checked! Expected profit: -8.413 $-5047.77 - -42.06%
[67244151] [11/6/2025, 9:01:23 PM]: [bsc-dataseed.bnbchain.org] [USDT/BNB pancakeswap>sushiswap] Arbitrage checked! Expected profit: -8.436 $-5061.62 - -42.18%
[67244151] [11/6/2025, 9:01:23 PM]: [bsc-dataseed.bnbchain.org] [USDT/BNB sushiswap>pancakeswap] Arbitrage checked! Expected profit: -8.413 $-5047.78 - -42.06%
[67244155] [11/6/2025, 9:01:27 PM]: [bsc-dataseed.bnbchain.org] [USDT/BNB sushiswap>pancakeswap] Arbitrage checked! Expected profit: -8.413 $-5047.85 - -42.07%
[67244155] [11/6/2025, 9:01:27 PM]: [bsc-dataseed.bnbchain.org] [USDT/BNB pancakeswap>sushiswap] Arbitrage checked! Expected profit: -8.436 $-5061.58 - -42.18%
[67244159] [11/6/2025, 9:01:29 PM]: [bsc-dataseed.bnbchain.org] [USDT/BNB sushiswap>pancakeswap] Arbitrage checked! Expected profit: -8.413 $-5047.85 - -42.07%
[67244159] [11/6/2025, 9:01:29 PM]: [bsc-dataseed.bnbchain.org] [USDT/BNB pancakeswap>sushiswap] Arbitrage checked! Expected profit: -8.436 $-5061.58 - -42.18%
[67244163] [11/6/2025, 9:01:32 PM]: [bsc-dataseed.bnbchain.org] [USDT/BNB sushiswap>pancakeswap] Arbitrage checked! Expected profit: -8.413 $-5047.51 - -42.06%
[67244163] [11/6/2025, 9:01:32 PM]: [bsc-dataseed.bnbchain.org] [USDT/BNB pancakeswap>sushiswap] Arbitrage checked! Expected profit: -8.436 $-5061.78 - -42.18%
[67244167] [11/6/2025, 9:01:35 PM]: [bsc-dataseed.bnbchain.org] [USDT/BNB sushiswap>pancakeswap] Arbitrage checked! Expected profit: -8.413 $-5047.51 - -42.06%
[67244167] [11/6/2025, 9:01:35 PM]: [bsc-dataseed.bnbchain.org] [USDT/BNB pancakeswap>sushiswap] Arbitrage checked! Expected profit: -8.436 $-5061.78 - -42.18%
[67244171] [11/6/2025, 9:01:39 PM]: [bsc-dataseed.bnbchain.org] [USDT/BNB sushiswap>pancakeswap] Arbitrage checked! Expected profit: -8.412 $-5047.43 - -42.06%
[67244171] [11/6/2025, 9:01:39 PM]: [bsc-dataseed.bnbchain.org] [USDT/BNB pancakeswap>sushiswap] Arbitrage checked! Expected profit: -8.436 $-5061.83 - -42.18%
[67244175] [11/6/2025, 9:01:42 PM]: [bsc-dataseed.bnbchain.org] [USDT/BNB sushiswap>pancakeswap] Arbitrage checked! Expected profit: -8.412 $-5047.43 - -42.06%
[67244175] [11/6/2025, 9:01:42 PM]: [bsc-dataseed.bnbchain.org] [USDT/BNB pancakeswap>sushiswap] Arbitrage checked! Expected profit: -8.436 $-5061.83 - -42.18%
[67244179] [11/6/2025, 9:01:45 PM]: [bsc-dataseed.bnbchain.org] [USDT/BNB sushiswap>pancakeswap] Arbitrage checked! Expected profit: -8.412 $-5047.43 - -42.06%
[67244179] [11/6/2025, 9:01:45 PM]: [bsc-dataseed.bnbchain.org] [USDT/BNB pancakeswap>sushiswap] Arbitrage checked! Expected profit: -8.436 $-5061.83 - -42.18%
[67244183] [11/6/2025, 9:01:48 PM]: [bsc-dataseed.bnbchain.org] [USDT/BNB sushiswap>pancakeswap] Arbitrage checked! Expected profit: -8.413 $-5047.50 - -42.06%
[67244183] [11/6/2025, 9:01:48 PM]: [bsc-dataseed.bnbchain.org] [USDT/BNB pancakeswap>sushiswap] Arbitrage checked! Expected profit: -8.436 $-5061.79 - -42.18%
[67244187] [11/6/2025, 9:01:50 PM]: [bsc-dataseed.bnbchain.org] [USDT/BNB pancakeswap>sushiswap] Arbitrage checked! Expected profit: -8.436 $-5061.79 - -42.18%
[67244187] [11/6/2025, 9:01:50 PM]: [bsc-dataseed.bnbchain.org] [USDT/BNB sushiswap>pancakeswap] Arbitrage checked! Expected profit: -8.413 $-5047.50 - -42.06%
[67244191] [11/6/2025, 9:01:54 PM]: [bsc-dataseed.bnbchain.org] [USDT/BNB pancakeswap>sushiswap] Arbitrage checked! Expected profit: -8.437 $-5061.91 - -42.18%
[67244191] [11/6/2025, 9:01:54 PM]: [bsc-dataseed.bnbchain.org] [USDT/BNB sushiswap>pancakeswap] Arbitrage checked! Expected profit: -8.412 $-5047.29 - -42.06%
[67244195] [11/6/2025, 9:01:56 PM]: [bsc-dataseed.bnbchain.org] [USDT/BNB sushiswap>pancakeswap] Arbitrage checked! Expected profit: -8.412 $-5047.29 - -42.06%
[67244195] [11/6/2025, 9:01:56 PM]: [bsc-dataseed.bnbchain.org] [USDT/BNB pancakeswap>sushiswap] Arbitrage checked! Expected profit: -8.437 $-5061.91 - -42.18%
[67244199] [11/6/2025, 9:01:59 PM]: [bsc-dataseed.bnbchain.org] [USDT/BNB sushiswap>pancakeswap] Arbitrage checked! Expected profit: -8.412 $-5047.46 - -42.06%
[67244199] [11/6/2025, 9:01:59 PM]: [bsc-dataseed.bnbchain.org] [USDT/BNB pancakeswap>sushiswap] Arbitrage checked! Expected profit: -8.436 $-5061.81 - -42.18%
[67244203] [11/6/2025, 9:02:02 PM]: [bsc-dataseed.bnbchain.org] [USDT/BNB sushiswap>pancakeswap] Arbitrage checked! Expected profit: -8.412 $-5047.43 - -42.06%
[67244203] [11/6/2025, 9:02:02 PM]: [bsc-dataseed.bnbchain.org] [USDT/BNB pancakeswap>sushiswap] Arbitrage checked! Expected profit: -8.436 $-5061.83 - -42.18%
[67244207] [11/6/2025, 9:02:05 PM]: [bsc-dataseed.bnbchain.org] [USDT/BNB sushiswap>pancakeswap] Arbitrage checked! Expected profit: -8.412 $-5047.43 - -42.06%
[67244207] [11/6/2025, 9:02:05 PM]: [bsc-dataseed.bnbchain.org] [USDT/BNB pancakeswap>sushiswap] Arbitrage checked! Expected profit: -8.436 $-5061.83 - -42.18%
[67244211] [11/6/2025, 9:02:09 PM]: [bsc-dataseed.bnbchain.org] [USDT/BNB sushiswap>pancakeswap] Arbitrage checked! Expected profit: -8.412 $-5047.48 - -42.06%
[67244211] [11/6/2025, 9:02:09 PM]: [bsc-dataseed.bnbchain.org] [USDT/BNB pancakeswap>sushiswap] Arbitrage checked! Expected profit: -8.436 $-5061.80 - -42.18%
[67244215] [11/6/2025, 9:02:12 PM]: [bsc-dataseed.bnbchain.org] [USDT/BNB sushiswap>pancakeswap] Arbitrage checked! Expected profit: -8.412 $-5047.48 - -42.06%
[67244215] [11/6/2025, 9:02:12 PM]: [bsc-dataseed.bnbchain.org] [USDT/BNB pancakeswap>sushiswap] Arbitrage checked! Expected profit: -8.436 $-5061.80 - -42.18%
[67244219] [11/6/2025, 9:02:14 PM]: [bsc-dataseed.bnbchain.org] [USDT/BNB sushiswap>pancakeswap] Arbitrage checked! Expected profit: -8.413 $-5047.56 - -42.06%
[67244219] [11/6/2025, 9:02:14 PM]: [bsc-dataseed.bnbchain.org] [USDT/BNB pancakeswap>sushiswap] Arbitrage checked! Expected profit: -8.436 $-5061.75 - -42.18%
[67244223] [11/6/2025, 9:02:17 PM]: [bsc-dataseed.bnbchain.org] [USDT/BNB sushiswap>pancakeswap] Arbitrage checked! Expected profit: -8.413 $-5047.56 - -42.06%
[67244223] [11/6/2025, 9:02:17 PM]: [bsc-dataseed.bnbchain.org] [USDT/BNB pancakeswap>sushiswap] Arbitrage checked! Expected profit: -8.436 $-5061.75 - -42.18%
[67244227] [11/6/2025, 9:02:21 PM]: [bsc-dataseed.bnbchain.org] [USDT/BNB sushiswap>pancakeswap] Arbitrage checked! Expected profit: -8.413 $-5047.64 - -42.06%
[67244227] [11/6/2025, 9:02:21 PM]: [bsc-dataseed.bnbchain.org] [USDT/BNB pancakeswap>sushiswap] Arbitrage checked! Expected profit: -8.436 $-5061.71 - -42.18%
[67244231] [11/6/2025, 9:02:23 PM]: [bsc-dataseed.bnbchain.org] [USDT/BNB sushiswap>pancakeswap] Arbitrage checked! Expected profit: -8.413 $-5047.64 - -42.06%
[67244231] [11/6/2025, 9:02:24 PM]: [bsc-dataseed.bnbchain.org] [USDT/BNB pancakeswap>sushiswap] Arbitrage checked! Expected profit: -8.436 $-5061.71 - -42.18%
[67244235] [11/6/2025, 9:02:26 PM]: [bsc-dataseed.bnbchain.org] [USDT/BNB sushiswap>pancakeswap] Arbitrage checked! Expected profit: -8.408 $-5044.83 - -42.04%
[67244235] [11/6/2025, 9:02:26 PM]: [bsc-dataseed.bnbchain.org] [USDT/BNB pancakeswap>sushiswap] Arbitrage checked! Expected profit: -8.439 $-5063.34 - -42.19%
[67244239] [11/6/2025, 9:02:29 PM]: [bsc-dataseed.bnbchain.org] [USDT/BNB sushiswap>pancakeswap] Arbitrage checked! Expected profit: -8.408 $-5044.83 - -42.04%
[67244239] [11/6/2025, 9:02:29 PM]: [bsc-dataseed.bnbchain.org] [USDT/BNB pancakeswap>sushiswap] Arbitrage checked! Expected profit: -8.439 $-5063.34 - -42.19%
[67244243] [11/6/2025, 9:02:32 PM]: [bsc-dataseed.bnbchain.org] [USDT/BNB sushiswap>pancakeswap] Arbitrage checked! Expected profit: -8.408 $-5044.73 - -42.04%
[67244243] [11/6/2025, 9:02:32 PM]: [bsc-dataseed.bnbchain.org] [USDT/BNB pancakeswap>sushiswap] Arbitrage checked! Expected profit: -8.439 $-5063.40 - -42.19%
[67244247] [11/6/2025, 9:02:35 PM]: [bsc-dataseed.bnbchain.org] [USDT/BNB sushiswap>pancakeswap] Arbitrage checked! Expected profit: -8.408 $-5044.73 - -42.04%
[67244247] [11/6/2025, 9:02:35 PM]: [bsc-dataseed.bnbchain.org] [USDT/BNB pancakeswap>sushiswap] Arbitrage checked! Expected profit: -8.439 $-5063.40 - -42.19%
[67244251] [11/6/2025, 9:02:39 PM]: [bsc-dataseed.bnbchain.org] [USDT/BNB sushiswap>pancakeswap] Arbitrage checked! Expected profit: -8.408 $-5044.74 - -42.04%
[67244251] [11/6/2025, 9:02:39 PM]: [bsc-dataseed.bnbchain.org] [USDT/BNB pancakeswap>sushiswap] Arbitrage checked! Expected profit: -8.439 $-5063.40 - -42.19%
[67244255] [11/6/2025, 9:02:42 PM]: [bsc-dataseed.bnbchain.org] [USDT/BNB sushiswap>pancakeswap] Arbitrage checked! Expected profit: -8.408 $-5044.74 - -42.04%
[67244255] [11/6/2025, 9:02:42 PM]: [bsc-dataseed.bnbchain.org] [USDT/BNB pancakeswap>sushiswap] Arbitrage checked! Expected profit: -8.439 $-5063.40 - -42.19%
[67244259] [11/6/2025, 9:02:45 PM]: [bsc-dataseed.bnbchain.org] [USDT/BNB pancakeswap>sushiswap] Arbitrage checked! Expected profit: -8.439 $-5063.43 - -42.20%
[67244259] [11/6/2025, 9:02:45 PM]: [bsc-dataseed.bnbchain.org] [USDT/BNB sushiswap>pancakeswap] Arbitrage checked! Expected profit: -8.408 $-5044.69 - -42.04%
[67244263] [11/6/2025, 9:02:47 PM]: [bsc-dataseed.bnbchain.org] [USDT/BNB pancakeswap>sushiswap] Arbitrage checked! Expected profit: -8.439 $-5063.43 - -42.20%
[67244263] [11/6/2025, 9:02:47 PM]: [bsc-dataseed.bnbchain.org] [USDT/BNB sushiswap>pancakeswap] Arbitrage checked! Expected profit: -8.408 $-5044.69 - -42.04%
[67244267] [11/6/2025, 9:02:50 PM]: [bsc-dataseed.bnbchain.org] [USDT/BNB sushiswap>pancakeswap] Arbitrage checked! Expected profit: -8.408 $-5045.03 - -42.04%
[67244267] [11/6/2025, 9:02:50 PM]: [bsc-dataseed.bnbchain.org] [USDT/BNB pancakeswap>sushiswap] Arbitrage checked! Expected profit: -8.439 $-5063.23 - -42.19%
[67244272] [11/6/2025, 9:02:53 PM]: [bsc-dataseed.bnbchain.org] [USDT/BNB sushiswap>pancakeswap] Arbitrage checked! Expected profit: -8.408 $-5045.03 - -42.04%
[67244272] [11/6/2025, 9:02:53 PM]: [bsc-dataseed.bnbchain.org] [USDT/BNB pancakeswap>sushiswap] Arbitrage checked! Expected profit: -8.439 $-5063.23 - -42.19%
[67244276] [11/6/2025, 9:02:56 PM]: [bsc-dataseed.bnbchain.org] [USDT/BNB sushiswap>pancakeswap] Arbitrage checked! Expected profit: -8.409 $-5045.16 - -42.04%
[67244276] [11/6/2025, 9:02:56 PM]: [bsc-dataseed.bnbchain.org] [USDT/BNB pancakeswap>sushiswap] Arbitrage checked! Expected profit: -8.439 $-5063.15 - -42.19%
[67244280] [11/6/2025, 9:03:00 PM]: [bsc-dataseed.bnbchain.org] [USDT/BNB sushiswap>pancakeswap] Arbitrage checked! Expected profit: -8.408 $-5044.87 - -42.04%
[67244280] [11/6/2025, 9:03:00 PM]: [bsc-dataseed.bnbchain.org] [USDT/BNB pancakeswap>sushiswap] Arbitrage checked! Expected profit: -8.439 $-5063.32 - -42.19%
[67244280] [11/6/2025, 9:03:00 PM]: alive (bsc-dataseed.bnbchain.org) - took 176.19 ms
[67244284] [11/6/2025, 9:03:03 PM]: [bsc-dataseed.bnbchain.org] [USDT/BNB sushiswap>pancakeswap] Arbitrage checked! Expected profit: -8.408 $-5044.81 - -42.04%
[67244284] [11/6/2025, 9:03:03 PM]: [bsc-dataseed.bnbchain.org] [USDT/BNB pancakeswap>sushiswap] Arbitrage checked! Expected profit: -8.439 $-5063.35 - -42.19%
[67244287] [11/6/2025, 9:03:05 PM]: [bsc-dataseed.bnbchain.org] [USDT/BNB sushiswap>pancakeswap] Arbitrage checked! Expected profit: -8.408 $-5044.81 - -42.04%
[67244287] [11/6/2025, 9:03:05 PM]: [bsc-dataseed.bnbchain.org] [USDT/BNB pancakeswap>sushiswap] Arbitrage checked! Expected profit: -8.439 $-5063.35 - -42.19%
[67244291] [11/6/2025, 9:03:08 PM]: [bsc-dataseed.bnbchain.org] [USDT/BNB sushiswap>pancakeswap] Arbitrage checked! Expected profit: -8.408 $-5044.60 - -42.04%
[67244291] [11/6/2025, 9:03:08 PM]: [bsc-dataseed.bnbchain.org] [USDT/BNB pancakeswap>sushiswap] Arbitrage checked! Expected profit: -8.439 $-5063.47 - -42.20%
[67244295] [11/6/2025, 9:03:11 PM]: [bsc-dataseed.bnbchain.org] [USDT/BNB sushiswap>pancakeswap] Arbitrage checked! Expected profit: -8.410 $-5046.29 - -42.05%
[67244295] [11/6/2025, 9:03:11 PM]: [bsc-dataseed.bnbchain.org] [USDT/BNB pancakeswap>sushiswap] Arbitrage checked! Expected profit: -8.437 $-5062.49 - -42.19%
[67244300] [11/6/2025, 9:03:15 PM]: [bsc-dataseed.bnbchain.org] [USDT/BNB sushiswap>pancakeswap] Arbitrage checked! Expected profit: -8.411 $-5046.81 - -42.06%
[67244300] [11/6/2025, 9:03:15 PM]: [bsc-dataseed.bnbchain.org] [USDT/BNB pancakeswap>sushiswap] Arbitrage checked! Expected profit: -8.437 $-5062.19 - -42.18%
[67244304] [11/6/2025, 9:03:17 PM]: [bsc-dataseed.bnbchain.org] [USDT/BNB sushiswap>pancakeswap] Arbitrage checked! Expected profit: -8.411 $-5046.81 - -42.06%
[67244304] [11/6/2025, 9:03:18 PM]: [bsc-dataseed.bnbchain.org] [USDT/BNB pancakeswap>sushiswap] Arbitrage checked! Expected profit: -8.437 $-5062.19 - -42.18%
[67244307] [11/6/2025, 9:03:21 PM]: [bsc-dataseed.bnbchain.org] [USDT/BNB sushiswap>pancakeswap] Arbitrage checked! Expected profit: -8.411 $-5046.72 - -42.06%
[67244307] [11/6/2025, 9:03:21 PM]: [bsc-dataseed.bnbchain.org] [USDT/BNB pancakeswap>sushiswap] Arbitrage checked! Expected profit: -8.437 $-5062.24 - -42.19%
[67244311] [11/6/2025, 9:03:25 PM]: [bsc-dataseed.bnbchain.org] [USDT/BNB sushiswap>pancakeswap] Arbitrage checked! Expected profit: -8.411 $-5046.77 - -42.06%
[67244311] [11/6/2025, 9:03:25 PM]: [bsc-dataseed.bnbchain.org] [USDT/BNB pancakeswap>sushiswap] Arbitrage checked! Expected profit: -8.437 $-5062.21 - -42.19%
[67244316] [11/6/2025, 9:03:27 PM]: [bsc-dataseed.bnbchain.org] [USDT/BNB sushiswap>pancakeswap] Arbitrage checked! Expected profit: -8.411 $-5046.77 - -42.06%
[67244316] [11/6/2025, 9:03:27 PM]: [bsc-dataseed.bnbchain.org] [USDT/BNB pancakeswap>sushiswap] Arbitrage checked! Expected profit: -8.437 $-5062.21 - -42.19%
[67244319] [11/6/2025, 9:03:30 PM]: [bsc-dataseed.bnbchain.org] [USDT/BNB sushiswap>pancakeswap] Arbitrage checked! Expected profit: -8.412 $-5046.91 - -42.06%
[67244319] [11/6/2025, 9:03:30 PM]: [bsc-dataseed.bnbchain.org] [USDT/BNB pancakeswap>sushiswap] Arbitrage checked! Expected profit: -8.437 $-5062.13 - -42.18%
[67244324] [11/6/2025, 9:03:33 PM]: [bsc-dataseed.bnbchain.org] [USDT/BNB pancakeswap>sushiswap] Arbitrage checked! Expected profit: -8.437 $-5062.13 - -42.18%
[67244324] [11/6/2025, 9:03:33 PM]: [bsc-dataseed.bnbchain.org] [USDT/BNB sushiswap>pancakeswap] Arbitrage checked! Expected profit: -8.412 $-5046.91 - -42.06%
[67244328] [11/6/2025, 9:03:35 PM]: [bsc-dataseed.bnbchain.org] [USDT/BNB pancakeswap>sushiswap] Arbitrage checked! Expected profit: -8.437 $-5062.12 - -42.18%
[67244328] [11/6/2025, 9:03:35 PM]: [bsc-dataseed.bnbchain.org] [USDT/BNB sushiswap>pancakeswap] Arbitrage checked! Expected profit: -8.412 $-5046.93 - -42.06%
[67244331] [11/6/2025, 9:03:38 PM]: [bsc-dataseed.bnbchain.org] [USDT/BNB sushiswap>pancakeswap] Arbitrage checked! Expected profit: -8.412 $-5047.00 - -42.06%
[67244331] [11/6/2025, 9:03:38 PM]: [bsc-dataseed.bnbchain.org] [USDT/BNB pancakeswap>sushiswap] Arbitrage checked! Expected profit: -8.437 $-5062.08 - -42.18%
